2016-08-21 13:32:18 Notice: Notice (8): Undefined index: REQUEST_URI in [C:\wamp\www\ProjetoCandeias\plugins\Admin\src\Controller\AppController.php, line 26]
Trace:
Cake\Error\BaseErrorHandler::handleError() - CORE\src\Error\BaseErrorHandler.php, line 146
Admin\Controller\AppController::initialize() - ROOT\plugins\Admin\src\Controller\AppController.php, line 26
Cake\Controller\Controller::__construct() - CORE\src\Controller\Controller.php, line 262
Bake\Shell\Task\TestTask::buildTestSubject() - ROOT\vendor\cakephp\bake\src\Shell\Task\TestTask.php, line 320
Bake\Shell\Task\TestTask::bake() - ROOT\vendor\cakephp\bake\src\Shell\Task\TestTask.php, line 225
Bake\Shell\Task\ControllerTask::bakeTest() - ROOT\vendor\cakephp\bake\src\Shell\Task\ControllerTask.php, line 206
Bake\Shell\Task\ControllerTask::bake() - ROOT\vendor\cakephp\bake\src\Shell\Task\ControllerTask.php, line 152
Bake\Shell\Task\ControllerTask::main() - ROOT\vendor\cakephp\bake\src\Shell\Task\ControllerTask.php, line 66
Bake\Shell\BakeShell::Bake\Shell\{closure}() - ROOT\vendor\cakephp\bake\src\Shell\BakeShell.php, line 258
Cake\Collection\Collection::each() - CORE\src\Collection\CollectionTrait.php, line 51
Bake\Shell\BakeShell::all() - ROOT\vendor\cakephp\bake\src\Shell\BakeShell.php, line 260
Cake\Console\Shell::runCommand() - CORE\src\Console\Shell.php, line 452
Cake\Console\ShellDispatcher::_dispatch() - CORE\src\Console\ShellDispatcher.php, line 227
Cake\Console\ShellDispatcher::dispatch() - CORE\src\Console\ShellDispatcher.php, line 182
Cake\Console\ShellDispatcher::run() - CORE\src\Console\ShellDispatcher.php, line 128
[main] - ROOT\bin\cake.php, line 33



2016-08-23 01:19:17 Debug: command 'bake' in plugin 'Bake' was not aliased, conflicts with 'Bake'
2016-08-23 01:19:17 Debug: command 'benchmark' in plugin 'DebugKit' was not aliased, conflicts with 'DebugKit'
2016-08-23 01:19:17 Debug: command 'whitespace' in plugin 'DebugKit' was not aliased, conflicts with 'DebugKit'
2016-08-23 01:19:17 Debug: command 'migrations' in plugin 'Migrations' was not aliased, conflicts with 'Migrations'
2016-08-23 01:19:19 Debug: command 'bake' in plugin 'Bake' was not aliased, conflicts with 'Bake'
2016-08-23 01:19:19 Debug: command 'benchmark' in plugin 'DebugKit' was not aliased, conflicts with 'DebugKit'
2016-08-23 01:19:19 Debug: command 'whitespace' in plugin 'DebugKit' was not aliased, conflicts with 'DebugKit'
2016-08-23 01:19:19 Debug: command 'migrations' in plugin 'Migrations' was not aliased, conflicts with 'Migrations'
2016-08-23 01:25:22 Notice: Notice (8): Undefined variable: table in [C:\wamp\www\ProjetoCandeias\config\Migrations\20160823012434_create_testes.php, line 30]
Trace:
Cake\Error\BaseErrorHandler::handleError() - CORE\src\Error\BaseErrorHandler.php, line 146
CreateTestes::change() - ROOT\config\Migrations\20160823012434_create_testes.php, line 30
Phinx\Migration\Manager\Environment::executeMigration() - ROOT\vendor\robmorgan\phinx\src\Phinx\Migration\Manager\Environment.php, line 114
Phinx\Migration\Manager::executeMigration() - ROOT\vendor\robmorgan\phinx\src\Phinx\Migration\Manager.php, line 309
Phinx\Migration\Manager::migrate() - ROOT\vendor\robmorgan\phinx\src\Phinx\Migration\Manager.php, line 285
Phinx\Console\Command\Migrate::execute() - ROOT\vendor\robmorgan\phinx\src\Phinx\Console\Command\Migrate.php, line 113
Migrations\Command\Migrate::parentExecute() - ROOT\vendor\cakephp\migrations\src\ConfigurationTrait.php, line 165
Migrations\Command\Migrate::execute() - ROOT\vendor\cakephp\migrations\src\Command\Migrate.php, line 58
Symfony\Component\Console\Command\Command::run() - ROOT\vendor\symfony\console\Command\Command.php, line 256
Symfony\Component\Console\Application::doRunCommand() - ROOT\vendor\symfony\console\Application.php, line 818
Symfony\Component\Console\Application::doRun() - ROOT\vendor\symfony\console\Application.php, line 186
Symfony\Component\Console\Application::run() - ROOT\vendor\symfony\console\Application.php, line 117
Migrations\Shell\MigrationsShell::main() - ROOT\vendor\cakephp\migrations\src\Shell\MigrationsShell.php, line 98
Cake\Console\Shell::runCommand() - CORE\src\Console\Shell.php, line 466
Migrations\Shell\MigrationsShell::runCommand() - ROOT\vendor\cakephp\migrations\src\Shell\MigrationsShell.php, line 130
Cake\Console\ShellDispatcher::_dispatch() - CORE\src\Console\ShellDispatcher.php, line 227
Cake\Console\ShellDispatcher::dispatch() - CORE\src\Console\ShellDispatcher.php, line 182
Cake\Console\ShellDispatcher::run() - CORE\src\Console\ShellDispatcher.php, line 128
[main] - ROOT\bin\cake.php, line 33



2016-08-23 01:26:24 Debug: command 'bake' in plugin 'Bake' was not aliased, conflicts with 'Bake'
2016-08-23 01:26:25 Debug: command 'benchmark' in plugin 'DebugKit' was not aliased, conflicts with 'DebugKit'
2016-08-23 01:26:25 Debug: command 'whitespace' in plugin 'DebugKit' was not aliased, conflicts with 'DebugKit'
2016-08-23 01:26:25 Debug: command 'migrations' in plugin 'Migrations' was not aliased, conflicts with 'Migrations'
2016-08-25 13:32:21 Notice: Notice (8): Undefined index: REQUEST_URI in [C:\wamp64\www\ProjetoCandeias\plugins\Admin\src\Controller\AppController.php, line 27]
Trace:
Cake\Error\BaseErrorHandler::handleError() - CORE\src\Error\BaseErrorHandler.php, line 146
Admin\Controller\AppController::initialize() - ROOT\plugins\Admin\src\Controller\AppController.php, line 27
Cake\Controller\Controller::__construct() - CORE\src\Controller\Controller.php, line 262
Bake\Shell\Task\TestTask::buildTestSubject() - ROOT\vendor\cakephp\bake\src\Shell\Task\TestTask.php, line 320
Bake\Shell\Task\TestTask::bake() - ROOT\vendor\cakephp\bake\src\Shell\Task\TestTask.php, line 225
Bake\Shell\Task\ControllerTask::bakeTest() - ROOT\vendor\cakephp\bake\src\Shell\Task\ControllerTask.php, line 206
Bake\Shell\Task\ControllerTask::bake() - ROOT\vendor\cakephp\bake\src\Shell\Task\ControllerTask.php, line 152
Bake\Shell\Task\ControllerTask::main() - ROOT\vendor\cakephp\bake\src\Shell\Task\ControllerTask.php, line 66
Bake\Shell\BakeShell::Bake\Shell\{closure}() - ROOT\vendor\cakephp\bake\src\Shell\BakeShell.php, line 258
Cake\Collection\Collection::each() - CORE\src\Collection\CollectionTrait.php, line 52
Bake\Shell\BakeShell::all() - ROOT\vendor\cakephp\bake\src\Shell\BakeShell.php, line 260
Cake\Console\Shell::runCommand() - CORE\src\Console\Shell.php, line 452
Cake\Console\ShellDispatcher::_dispatch() - CORE\src\Console\ShellDispatcher.php, line 227
Cake\Console\ShellDispatcher::dispatch() - CORE\src\Console\ShellDispatcher.php, line 182
Cake\Console\ShellDispatcher::run() - CORE\src\Console\ShellDispatcher.php, line 128
[main] - ROOT\bin\cake.php, line 33



2016-08-25 13:41:27 Debug: command 'bake' in plugin 'Bake' was not aliased, conflicts with 'Bake'
2016-08-25 13:41:27 Debug: command 'benchmark' in plugin 'DebugKit' was not aliased, conflicts with 'DebugKit'
2016-08-25 13:41:27 Debug: command 'whitespace' in plugin 'DebugKit' was not aliased, conflicts with 'DebugKit'
2016-08-25 13:41:27 Debug: command 'migrations' in plugin 'Migrations' was not aliased, conflicts with 'Migrations'
2016-08-25 13:42:39 Debug: command 'bake' in plugin 'Bake' was not aliased, conflicts with 'Bake'
2016-08-25 13:42:39 Debug: command 'benchmark' in plugin 'DebugKit' was not aliased, conflicts with 'DebugKit'
2016-08-25 13:42:39 Debug: command 'whitespace' in plugin 'DebugKit' was not aliased, conflicts with 'DebugKit'
2016-08-25 13:42:39 Debug: command 'migrations' in plugin 'Migrations' was not aliased, conflicts with 'Migrations'
2016-08-25 14:37:01 Debug: command 'bake' in plugin 'Bake' was not aliased, conflicts with 'Bake'
2016-08-25 14:37:01 Debug: command 'benchmark' in plugin 'DebugKit' was not aliased, conflicts with 'DebugKit'
2016-08-25 14:37:01 Debug: command 'whitespace' in plugin 'DebugKit' was not aliased, conflicts with 'DebugKit'
2016-08-25 14:37:01 Debug: command 'migrations' in plugin 'Migrations' was not aliased, conflicts with 'Migrations'
2016-08-25 14:38:16 Debug: command 'bake' in plugin 'Bake' was not aliased, conflicts with 'Bake'
2016-08-25 14:38:16 Debug: command 'benchmark' in plugin 'DebugKit' was not aliased, conflicts with 'DebugKit'
2016-08-25 14:38:16 Debug: command 'whitespace' in plugin 'DebugKit' was not aliased, conflicts with 'DebugKit'
2016-08-25 14:38:16 Debug: command 'migrations' in plugin 'Migrations' was not aliased, conflicts with 'Migrations'
2016-08-25 14:40:06 Debug: command 'bake' in plugin 'Bake' was not aliased, conflicts with 'Bake'
2016-08-25 14:40:06 Debug: command 'benchmark' in plugin 'DebugKit' was not aliased, conflicts with 'DebugKit'
2016-08-25 14:40:06 Debug: command 'whitespace' in plugin 'DebugKit' was not aliased, conflicts with 'DebugKit'
2016-08-25 14:40:06 Debug: command 'migrations' in plugin 'Migrations' was not aliased, conflicts with 'Migrations'
2016-08-25 14:41:08 Debug: command 'bake' in plugin 'Bake' was not aliased, conflicts with 'Bake'
2016-08-25 14:41:08 Debug: command 'benchmark' in plugin 'DebugKit' was not aliased, conflicts with 'DebugKit'
2016-08-25 14:41:08 Debug: command 'whitespace' in plugin 'DebugKit' was not aliased, conflicts with 'DebugKit'
2016-08-25 14:41:08 Debug: command 'migrations' in plugin 'Migrations' was not aliased, conflicts with 'Migrations'
2016-08-25 14:43:03 Debug: command 'bake' in plugin 'Bake' was not aliased, conflicts with 'Bake'
2016-08-25 14:43:03 Debug: command 'benchmark' in plugin 'DebugKit' was not aliased, conflicts with 'DebugKit'
2016-08-25 14:43:03 Debug: command 'whitespace' in plugin 'DebugKit' was not aliased, conflicts with 'DebugKit'
2016-08-25 14:43:03 Debug: command 'migrations' in plugin 'Migrations' was not aliased, conflicts with 'Migrations'
2016-08-25 23:58:07 Debug: command 'bake' in plugin 'Bake' was not aliased, conflicts with 'Bake'
2016-08-25 23:58:07 Debug: command 'benchmark' in plugin 'DebugKit' was not aliased, conflicts with 'DebugKit'
2016-08-25 23:58:07 Debug: command 'whitespace' in plugin 'DebugKit' was not aliased, conflicts with 'DebugKit'
2016-08-25 23:58:07 Debug: command 'migrations' in plugin 'Migrations' was not aliased, conflicts with 'Migrations'
2016-08-26 00:23:26 Debug: command 'bake' in plugin 'Bake' was not aliased, conflicts with 'Bake'
2016-08-26 00:23:27 Debug: command 'benchmark' in plugin 'DebugKit' was not aliased, conflicts with 'DebugKit'
2016-08-26 00:23:27 Debug: command 'whitespace' in plugin 'DebugKit' was not aliased, conflicts with 'DebugKit'
2016-08-26 00:23:27 Debug: command 'migrations' in plugin 'Migrations' was not aliased, conflicts with 'Migrations'
2016-08-26 00:24:26 Notice: Notice (8): Undefined index: REQUEST_URI in [C:\wamp\www\ProjetoCandeias\plugins\Admin\src\Controller\AppController.php, line 27]
Trace:
Cake\Error\BaseErrorHandler::handleError() - CORE\src\Error\BaseErrorHandler.php, line 146
Admin\Controller\AppController::initialize() - ROOT\plugins\Admin\src\Controller\AppController.php, line 27
Cake\Controller\Controller::__construct() - CORE\src\Controller\Controller.php, line 262
Bake\Shell\Task\TestTask::buildTestSubject() - ROOT\vendor\cakephp\bake\src\Shell\Task\TestTask.php, line 320
Bake\Shell\Task\TestTask::bake() - ROOT\vendor\cakephp\bake\src\Shell\Task\TestTask.php, line 225
Bake\Shell\Task\ControllerTask::bakeTest() - ROOT\vendor\cakephp\bake\src\Shell\Task\ControllerTask.php, line 206
Bake\Shell\Task\ControllerTask::bake() - ROOT\vendor\cakephp\bake\src\Shell\Task\ControllerTask.php, line 152
Bake\Shell\Task\ControllerTask::main() - ROOT\vendor\cakephp\bake\src\Shell\Task\ControllerTask.php, line 66
Bake\Shell\BakeShell::Bake\Shell\{closure}() - ROOT\vendor\cakephp\bake\src\Shell\BakeShell.php, line 258
Cake\Collection\Collection::each() - CORE\src\Collection\CollectionTrait.php, line 52
Bake\Shell\BakeShell::all() - ROOT\vendor\cakephp\bake\src\Shell\BakeShell.php, line 260
Cake\Console\Shell::runCommand() - CORE\src\Console\Shell.php, line 452
Cake\Console\ShellDispatcher::_dispatch() - CORE\src\Console\ShellDispatcher.php, line 227
Cake\Console\ShellDispatcher::dispatch() - CORE\src\Console\ShellDispatcher.php, line 182
Cake\Console\ShellDispatcher::run() - CORE\src\Console\ShellDispatcher.php, line 128
[main] - ROOT\bin\cake.php, line 33



2016-08-26 13:44:51 Debug: command 'bake' in plugin 'Bake' was not aliased, conflicts with 'Bake'
2016-08-26 13:44:51 Debug: command 'benchmark' in plugin 'DebugKit' was not aliased, conflicts with 'DebugKit'
2016-08-26 13:44:51 Debug: command 'whitespace' in plugin 'DebugKit' was not aliased, conflicts with 'DebugKit'
2016-08-26 13:44:51 Debug: command 'migrations' in plugin 'Migrations' was not aliased, conflicts with 'Migrations'
2016-08-26 13:45:41 Debug: command 'bake' in plugin 'Bake' was not aliased, conflicts with 'Bake'
2016-08-26 13:45:41 Debug: command 'benchmark' in plugin 'DebugKit' was not aliased, conflicts with 'DebugKit'
2016-08-26 13:45:41 Debug: command 'whitespace' in plugin 'DebugKit' was not aliased, conflicts with 'DebugKit'
2016-08-26 13:45:41 Debug: command 'migrations' in plugin 'Migrations' was not aliased, conflicts with 'Migrations'
2016-08-26 13:46:59 Debug: command 'bake' in plugin 'Bake' was not aliased, conflicts with 'Bake'
2016-08-26 13:46:59 Debug: command 'benchmark' in plugin 'DebugKit' was not aliased, conflicts with 'DebugKit'
2016-08-26 13:46:59 Debug: command 'whitespace' in plugin 'DebugKit' was not aliased, conflicts with 'DebugKit'
2016-08-26 13:46:59 Debug: command 'migrations' in plugin 'Migrations' was not aliased, conflicts with 'Migrations'
2016-08-26 13:47:51 Debug: command 'bake' in plugin 'Bake' was not aliased, conflicts with 'Bake'
2016-08-26 13:47:51 Debug: command 'benchmark' in plugin 'DebugKit' was not aliased, conflicts with 'DebugKit'
2016-08-26 13:47:51 Debug: command 'whitespace' in plugin 'DebugKit' was not aliased, conflicts with 'DebugKit'
2016-08-26 13:47:51 Debug: command 'migrations' in plugin 'Migrations' was not aliased, conflicts with 'Migrations'
2016-08-27 12:23:54 Notice: Notice (8): Undefined index: REQUEST_URI in [C:\wamp\www\ProjetoCandeias\plugins\Admin\src\Controller\AppController.php, line 27]
Trace:
Cake\Error\BaseErrorHandler::handleError() - CORE\src\Error\BaseErrorHandler.php, line 146
Admin\Controller\AppController::initialize() - ROOT\plugins\Admin\src\Controller\AppController.php, line 27
Cake\Controller\Controller::__construct() - CORE\src\Controller\Controller.php, line 262
Bake\Shell\Task\TestTask::buildTestSubject() - ROOT\vendor\cakephp\bake\src\Shell\Task\TestTask.php, line 320
Bake\Shell\Task\TestTask::bake() - ROOT\vendor\cakephp\bake\src\Shell\Task\TestTask.php, line 225
Bake\Shell\Task\ControllerTask::bakeTest() - ROOT\vendor\cakephp\bake\src\Shell\Task\ControllerTask.php, line 206
Bake\Shell\Task\ControllerTask::bake() - ROOT\vendor\cakephp\bake\src\Shell\Task\ControllerTask.php, line 152
Bake\Shell\Task\ControllerTask::main() - ROOT\vendor\cakephp\bake\src\Shell\Task\ControllerTask.php, line 66
Bake\Shell\BakeShell::Bake\Shell\{closure}() - ROOT\vendor\cakephp\bake\src\Shell\BakeShell.php, line 258
Cake\Collection\Collection::each() - CORE\src\Collection\CollectionTrait.php, line 52
Bake\Shell\BakeShell::all() - ROOT\vendor\cakephp\bake\src\Shell\BakeShell.php, line 260
Cake\Console\Shell::runCommand() - CORE\src\Console\Shell.php, line 452
Cake\Console\ShellDispatcher::_dispatch() - CORE\src\Console\ShellDispatcher.php, line 227
Cake\Console\ShellDispatcher::dispatch() - CORE\src\Console\ShellDispatcher.php, line 182
Cake\Console\ShellDispatcher::run() - CORE\src\Console\ShellDispatcher.php, line 128
[main] - ROOT\bin\cake.php, line 33



